<?xml version="1.0" encoding="UTF-8"?>
<!-- Generated by org.testng.reporters.JUnitReportReporter -->
<testsuite hostname="DESKTOP-VB02CQD" failures="0" tests="5" name="testCases.TC_VideoGameApi" time="11.310" errors="0" timestamp="2023-02-21T12:21:48 IST" skipped="0">
  <testcase classname="testCases.TC_VideoGameApi" name="test_getAllVideoGames" time="2.597"/>
  <system-out/>
  <testcase classname="testCases.TC_VideoGameApi" name="test_addNewVideoGame" time="5.667"/>
  <system-out/>
  <testcase classname="testCases.TC_VideoGameApi" name="test_getVideoGame" time="0.907"/>
  <system-out/>
  <testcase classname="testCases.TC_VideoGameApi" name="test_updateVideoGame" time="2.107"/>
  <system-out/>
  <testcase classname="testCases.TC_VideoGameApi" name="test_deleteVideogame" time="0.032"/>
  <system-out/>
</testsuite> <!-- testCases.TC_VideoGameApi -->
